<?xml version="1.0" encoding="UTF-8"?>
<testsuite xmlns:xsi="http://www.w3.org/2001/XMLSchema-instance" xsi:noNamespaceSchemaLocation="https://maven.apache.org/surefire/maven-surefire-plugin/xsd/surefire-test-report.xsd" name="com.jt.TestJson" time="8.145" tests="3" errors="0" skipped="0" failures="0">
  <properties>
[...]
</properties>
  <testcase name="testToObject" classname="com.jt.TestJson" time="0.623"/>
  <testcase name="testJson" classname="com.jt.TestJson" time="0.027"/>
  <testcase name="getJedis" classname="com.jt.TestJson" time="0.026"/>
</testsuite>